2026-05-14 06:12:35,999 [INFO] SCANNER v3.0 STARTED
2026-05-14 06:12:42,632 [INFO] Blacklist updated: 1 delisted
2026-05-14 06:12:42,632 [INFO] Scanning spot market (with indicators)...
2026-05-14 06:22:45,059 [INFO] Scanning spot market (with indicators)...
2026-05-14 06:22:46,266 [WARNING] DUMP: ATH/USDT | -12.6% | RVOL: 2.7x | Vol24h: $17.5M | Score: +0 | RSI 18 (oversold)
2026-05-14 06:22:47,173 [INFO] Found 1 opportunities
2026-05-14 06:32:47,657 [INFO] Scanning spot market (with indicators)...
2026-05-14 06:41:10,073 [INFO] SCANNER v3.0 STARTED
2026-05-14 06:41:22,363 [INFO] Blacklist updated: 1 delisted
2026-05-14 06:41:22,363 [INFO] Scanning spot market (with indicators)...
2026-05-14 06:41:25,409 [WARNING] DUMP: OPG/USDT | -18.1% | RVOL: 6.8x | Vol24h: $4.1M | Score: +0 | RSI 18 (oversold)
2026-05-14 06:41:25,646 [INFO] Found 1 opportunities
2026-05-14 06:51:26,189 [INFO] Scanning spot market (with indicators)...
2026-05-14 06:59:09,316 [INFO] SCANNER v3.0 STARTED
2026-05-14 06:59:15,947 [INFO] Blacklist updated: 1 delisted
2026-05-14 06:59:15,948 [INFO] Scanning spot market (with indicators)...
2026-05-14 06:59:16,674 [INFO] HYPE: H/USDT | +7.0% | RVOL: 1.9x | Vol24h: $5.3M | Score: +2 | Price>EMA9, EMA9>21
2026-05-14 06:59:18,475 [INFO] Found 1 opportunities
2026-05-14 07:08:17,554 [INFO] SCANNER v3.0 STARTED
2026-05-14 07:08:24,046 [INFO] Blacklist updated: 1 delisted
2026-05-14 07:08:24,046 [INFO] Scanning spot market (with indicators)...
2026-05-14 07:18:26,887 [INFO] Scanning spot market (with indicators)...
2026-05-14 07:28:29,499 [INFO] Scanning spot market (with indicators)...
2026-05-14 07:38:32,116 [INFO] Scanning spot market (with indicators)...
2026-05-14 07:38:33,996 [WARNING] DUMP: BASED/USDT | -18.4% | RVOL: 3.1x | Vol24h: $5.8M | Score: +1 | Price>EMA9
2026-05-14 07:38:34,225 [INFO] Found 1 opportunities
2026-05-14 07:48:34,720 [INFO] Scanning spot market (with indicators)...
2026-05-14 07:58:37,105 [INFO] Scanning spot market (with indicators)...
2026-05-14 07:58:38,512 [INFO] HYPE: PIEVERSE/USDT | +17.6% | RVOL: 1.9x | Vol24h: $4.3M | Score: +2 | Price>EMA9, EMA9>21
2026-05-14 07:58:39,191 [INFO] Found 1 opportunities
2026-05-14 08:08:45,114 [INFO] Blacklist updated: 1 delisted
2026-05-14 08:08:45,115 [INFO] Scanning spot market (with indicators)...
2026-05-14 08:18:47,717 [INFO] Scanning spot market (with indicators)...
2026-05-14 08:28:50,573 [INFO] Scanning spot market (with indicators)...
2026-05-14 08:38:53,014 [INFO] Scanning spot market (with indicators)...
2026-05-14 08:48:55,739 [INFO] Scanning spot market (with indicators)...
2026-05-14 08:48:57,849 [WARNING] DUMP: BASED/USDT | -17.4% | RVOL: 2.5x | Vol24h: $5.8M | Score: +2 | Price>EMA9, EMA9>21
2026-05-14 08:48:58,724 [INFO] Found 1 opportunities
2026-05-14 08:58:59,248 [INFO] Scanning spot market (with indicators)...
2026-05-14 09:09:05,240 [INFO] Blacklist updated: 1 delisted
2026-05-14 09:09:05,240 [INFO] Scanning spot market (with indicators)...
2026-05-14 09:19:07,329 [INFO] Scanning spot market (with indicators)...
2026-05-14 09:29:09,032 [INFO] Scanning spot market (with indicators)...
2026-05-14 09:39:10,976 [INFO] Scanning spot market (with indicators)...
2026-05-14 09:49:13,875 [INFO] Scanning spot market (with indicators)...
2026-05-14 09:59:16,104 [INFO] Scanning spot market (with indicators)...
2026-05-14 10:09:21,145 [INFO] Blacklist updated: 1 delisted
2026-05-14 10:09:21,145 [INFO] Scanning spot market (with indicators)...
2026-05-14 10:19:23,053 [INFO] Scanning spot market (with indicators)...
2026-05-14 10:29:25,039 [INFO] Scanning spot market (with indicators)...
2026-05-14 10:39:27,888 [INFO] Scanning spot market (with indicators)...
2026-05-14 10:49:30,719 [INFO] Scanning spot market (with indicators)...
2026-05-14 10:49:32,151 [INFO] HYPE: H/USDT | +6.0% | RVOL: 2.3x | Vol24h: $5.3M | Score: +2 | Price>EMA9, EMA9>21
2026-05-14 10:49:32,154 [INFO] Found 1 opportunities
2026-05-14 10:59:32,701 [INFO] Scanning spot market (with indicators)...
2026-05-14 10:59:34,129 [WARNING] DUMP: BSB/USDT | -16.5% | RVOL: 6.7x | Vol24h: $3.7M | Score: +0 | RSI 19 (oversold)
2026-05-14 10:59:34,136 [INFO] Found 1 opportunities
2026-05-14 11:09:37,617 [INFO] Blacklist updated: 1 delisted
2026-05-14 11:09:37,617 [INFO] Scanning spot market (with indicators)...
2026-05-14 11:19:39,813 [INFO] Scanning spot market (with indicators)...
2026-05-14 11:29:41,841 [INFO] Scanning spot market (with indicators)...
2026-05-14 11:39:44,153 [INFO] Scanning spot market (with indicators)...
2026-05-14 11:49:46,030 [INFO] Scanning spot market (with indicators)...
2026-05-14 11:59:48,648 [INFO] Scanning spot market (with indicators)...
2026-05-14 11:59:49,910 [WARNING] DUMP: BASED/USDT | -20.4% | RVOL: 8.8x | Vol24h: $5.7M | Score: +0 | RSI 29 (oversold)
2026-05-14 11:59:50,607 [INFO] Found 1 opportunities
2026-05-14 12:09:54,678 [INFO] Blacklist updated: 1 delisted
2026-05-14 12:09:54,679 [INFO] Scanning spot market (with indicators)...
2026-05-14 12:09:55,883 [WARNING] DUMP: BASED/USDT | -21.5% | RVOL: 8.0x | Vol24h: $5.8M | Score: +0 | RSI 24 (oversold)
2026-05-14 12:09:56,583 [INFO] Found 1 opportunities
2026-05-14 12:19:57,181 [INFO] Scanning spot market (with indicators)...
2026-05-14 12:29:59,421 [INFO] Scanning spot market (with indicators)...
2026-05-14 12:40:01,490 [INFO] Scanning spot market (with indicators)...
2026-05-14 12:50:03,721 [INFO] Scanning spot market (with indicators)...
2026-05-14 13:00:13,263 [INFO] Scanning spot market (with indicators)...
2026-05-14 13:10:21,322 [INFO] Blacklist updated: 1 delisted
2026-05-14 13:10:21,323 [INFO] Scanning spot market (with indicators)...
2026-05-14 13:20:23,677 [INFO] Scanning spot market (with indicators)...
